<?xml version="1.0" encoding="UTF-8"?>
<!-- Generated by org.testng.reporters.JUnitReportReporter -->
<testsuite hostname="DESKTOP-7LBR4HI" failures="0" tests="3" name="seleniumpractise.includeandexcludetestng" time="0.019" errors="0" timestamp="2020-12-07T11:33:29 IST" skipped="0">
  <testcase classname="seleniumpractise.includeandexcludetestng" name="Multiplication" time="0.013"/>
  <system-out/>
  <testcase classname="seleniumpractise.includeandexcludetestng" name="subtraction" time="0.003"/>
  <system-out/>
  <testcase classname="seleniumpractise.includeandexcludetestng" name="addition" time="0.003"/>
  <system-out/>
</testsuite> <!-- seleniumpractise.includeandexcludetestng -->
