<?xml version="1.0" encoding="UTF-8"?>
<!-- Generated by org.testng.reporters.JUnitReportReporter -->
<testsuite hostname="DESKTOP-7LBR4HI" failures="0" tests="1" name="seleniumpractise.listelements" time="20.838" errors="0" timestamp="2020-12-15T10:24:21 IST" skipped="0">
  <testcase classname="seleniumpractise.listelements" name="setup" time="20.838"/>
  <system-out/>
</testsuite> <!-- seleniumpractise.listelements -->
