<?xml version="1.0" encoding="UTF-8"?>
<!-- Generated by org.testng.reporters.JUnitReportReporter -->
<testsuite hostname="DESKTOP-7LBR4HI" failures="0" tests="1" name="datadrivenframeworks.Loginpage" time="0.000" errors="0" timestamp="2020-12-18T11:01:12 IST" skipped="1">
  <testcase classname="datadrivenframeworks.Loginpage" name="loginTest" time="0.000">
    <skipped/>
  </testcase> <!-- loginTest -->
  <system-out/>
</testsuite> <!-- datadrivenframeworks.Loginpage -->
