<?xml version="1.0" encoding="UTF-8"?>
<!-- Generated by org.testng.reporters.JUnitReportReporter -->
<testsuite hostname="DESKTOP-7LBR4HI" failures="0" tests="3" name="seleniumpractise.priority" time="0.020" errors="0" timestamp="2020-12-07T11:37:09 IST" skipped="0">
  <testcase classname="seleniumpractise.priority" name="addition" time="0.015"/>
  <system-out/>
  <testcase classname="seleniumpractise.priority" name="Multiplication" time="0.002"/>
  <system-out/>
  <testcase classname="seleniumpractise.priority" name="subtraction" time="0.003"/>
  <system-out/>
</testsuite> <!-- seleniumpractise.priority -->
