<?xml version="1.0" encoding="UTF-8"?>
<!-- Generated by org.testng.reporters.JUnitReportReporter -->
<testsuite hostname="DESKTOP-7LBR4HI" failures="0" tests="1" name="seleniumpractise.paralleltestng$parallel" time="0.010" errors="0" timestamp="2020-12-09T10:18:15 IST" skipped="0">
  <testcase classname="seleniumpractise.paralleltestng$parallel" name="testCaseTwo" time="0.010"/>
  <system-out/>
</testsuite> <!-- seleniumpractise.paralleltestng$parallel -->
