<?xml version="1.0" encoding="UTF-8"?>
<!-- Generated by org.testng.reporters.JUnitReportReporter -->
<testsuite hostname="DESKTOP-7LBR4HI" failures="0" tests="6" name="seleniumpractise.testng" time="0.018" errors="0" timestamp="2020-12-04T10:07:03 IST" skipped="0">
  <testcase classname="seleniumpractise.testng" name="test2" time="0.002"/>
  <system-out/>
  <testcase classname="seleniumpractise.testng" name="test4" time="0.002"/>
  <system-out/>
  <testcase classname="seleniumpractise.testng" name="test3" time="0.001"/>
  <system-out/>
  <testcase classname="seleniumpractise.testng" name="test5" time="0.001"/>
  <system-out/>
  <testcase classname="seleniumpractise.testng" name="test6" time="0.001"/>
  <system-out/>
  <testcase classname="seleniumpractise.testng" name="test1" time="0.011"/>
  <system-out/>
</testsuite> <!-- seleniumpractise.testng -->
