<?xml version="1.0" encoding="UTF-8"?>
<!-- Generated by org.testng.reporters.JUnitReportReporter -->
<testsuite hostname="DESKTOP-7LBR4HI" failures="0" tests="3" name="seleniumpractise.dependsonmethod" time="0.013" errors="0" timestamp="2020-12-07T12:40:07 IST" skipped="0">
  <testcase classname="seleniumpractise.dependsonmethod" name="browserLaunch" time="0.010"/>
  <system-out/>
  <testcase classname="seleniumpractise.dependsonmethod" name="Login" time="0.002"/>
  <system-out/>
  <testcase classname="seleniumpractise.dependsonmethod" name="homePage" time="0.001"/>
  <system-out/>
</testsuite> <!-- seleniumpractise.dependsonmethod -->
