<?xml version="1.0" encoding="UTF-8"?>
<!-- Generated by org.testng.reporters.JUnitReportReporter -->
<testsuite hostname="DESKTOP-7LBR4HI" failures="0" tests="3" name="seleniumpractise.prioritytestng" time="0.019" errors="0" timestamp="2020-12-09T10:20:29 IST" skipped="0">
  <testcase classname="seleniumpractise.prioritytestng" name="addition" time="0.012"/>
  <system-out/>
  <testcase classname="seleniumpractise.prioritytestng" name="Multiplication" time="0.002"/>
  <system-out/>
  <testcase classname="seleniumpractise.prioritytestng" name="subtraction" time="0.005"/>
  <system-out/>
</testsuite> <!-- seleniumpractise.prioritytestng -->
