<?xml version="1.0" encoding="UTF-8"?>
<!-- Generated by org.testng.reporters.JUnitReportReporter -->
<testsuite hostname="DESKTOP-7LBR4HI" failures="0" tests="1" name="seleniumpractise.forgetpassword" time="9.012" errors="0" timestamp="2020-12-07T14:59:08 IST" skipped="0">
  <testcase classname="seleniumpractise.forgetpassword" name="forgot" time="9.012"/>
  <system-out/>
</testsuite> <!-- seleniumpractise.forgetpassword -->
