<?xml version="1.0" encoding="UTF-8"?>
<!-- Generated by org.testng.reporters.JUnitReportReporter -->
<testsuite hostname="DESKTOP-7LBR4HI" failures="0" tests="2" name="seleniumpractise.expediaassert" time="27.347" errors="0" timestamp="2020-12-03T10:59:17 IST" skipped="0">
  <testcase classname="seleniumpractise.expediaassert" name="loginpagetitletest" time="13.943"/>
  <system-out/>
  <testcase classname="seleniumpractise.expediaassert" name="logoTest" time="13.404"/>
  <system-out/>
</testsuite> <!-- seleniumpractise.expediaassert -->
